{"F:\\@Microverse\\Module- 02\\Block 03\\To-Do-list\\src\\modules\\toDoList.js": {"path":"F:\\@Microverse\\Module- 02\\Block 03\\To-Do-list\\src\\modules\\toDoList.js","statementMap":{"0":{"start":{"line":5,"column":4},"end":{"line":5,"column":69}},"1":{"start":{"line":8,"column":13},"end":{"line":8,"column":29}},"2":{"start":{"line":8,"column":19},"end":{"line":8,"column":29}},"3":{"start":{"line":10,"column":13},"end":{"line":28,"column":3}},"4":{"start":{"line":11,"column":26},"end":{"line":11,"column":63}},"5":{"start":{"line":12,"column":4},"end":{"line":12,"column":33}},"6":{"start":{"line":13,"column":4},"end":{"line":21,"column":7}},"7":{"start":{"line":14,"column":6},"end":{"line":20,"column":13}},"8":{"start":{"line":22,"column":4},"end":{"line":27,"column":5}},"9":{"start":{"line":23,"column":6},"end":{"line":23,"column":48}},"10":{"start":{"line":24,"column":6},"end":{"line":24,"column":52}},"11":{"start":{"line":25,"column":6},"end":{"line":25,"column":51}},"12":{"start":{"line":26,"column":6},"end":{"line":26,"column":44}},"13":{"start":{"line":30,"column":18},"end":{"line":32,"column":3}},"14":{"start":{"line":31,"column":4},"end":{"line":31,"column":71}},"15":{"start":{"line":34,"column":19},"end":{"line":38,"column":3}},"16":{"start":{"line":35,"column":4},"end":{"line":35,"column":83}},"17":{"start":{"line":36,"column":4},"end":{"line":36,"column":25}},"18":{"start":{"line":37,"column":4},"end":{"line":37,"column":20}},"19":{"start":{"line":40,"column":23},"end":{"line":49,"column":3}},"20":{"start":{"line":41,"column":4},"end":{"line":43,"column":5}},"21":{"start":{"line":42,"column":6},"end":{"line":42,"column":78}},"22":{"start":{"line":42,"column":52},"end":{"line":42,"column":76}},"23":{"start":{"line":44,"column":4},"end":{"line":44,"column":59}},"24":{"start":{"line":44,"column":23},"end":{"line":44,"column":59}},"25":{"start":{"line":46,"column":4},"end":{"line":46,"column":29}},"26":{"start":{"line":47,"column":4},"end":{"line":47,"column":25}},"27":{"start":{"line":48,"column":4},"end":{"line":48,"column":20}},"28":{"start":{"line":51,"column":21},"end":{"line":58,"column":3}},"29":{"start":{"line":52,"column":4},"end":{"line":56,"column":5}},"30":{"start":{"line":53,"column":6},"end":{"line":53,"column":48}},"31":{"start":{"line":55,"column":6},"end":{"line":55,"column":47}},"32":{"start":{"line":57,"column":4},"end":{"line":57,"column":25}},"33":{"start":{"line":60,"column":22},"end":{"line":65,"column":3}},"34":{"start":{"line":61,"column":4},"end":{"line":64,"column":7}},"35":{"start":{"line":62,"column":6},"end":{"line":62,"column":29}},"36":{"start":{"line":63,"column":6},"end":{"line":63,"column":18}},"37":{"start":{"line":67,"column":20},"end":{"line":74,"column":3}},"38":{"start":{"line":68,"column":4},"end":{"line":71,"column":7}},"39":{"start":{"line":69,"column":6},"end":{"line":69,"column":68}},"40":{"start":{"line":69,"column":44},"end":{"line":69,"column":68}},"41":{"start":{"line":70,"column":6},"end":{"line":70,"column":18}},"42":{"start":{"line":72,"column":4},"end":{"line":72,"column":25}},"43":{"start":{"line":73,"column":4},"end":{"line":73,"column":20}}},"fnMap":{"0":{"name":"(anonymous_0)","decl":{"start":{"line":4,"column":2},"end":{"line":4,"column":3}},"loc":{"start":{"line":4,"column":16},"end":{"line":6,"column":3}},"line":4},"1":{"name":"(anonymous_1)","decl":{"start":{"line":8,"column":13},"end":{"line":8,"column":14}},"loc":{"start":{"line":8,"column":19},"end":{"line":8,"column":29}},"line":8},"2":{"name":"(anonymous_2)","decl":{"start":{"line":10,"column":13},"end":{"line":10,"column":14}},"loc":{"start":{"line":10,"column":19},"end":{"line":28,"column":3}},"line":10},"3":{"name":"(anonymous_3)","decl":{"start":{"line":13,"column":28},"end":{"line":13,"column":29}},"loc":{"start":{"line":13,"column":38},"end":{"line":21,"column":5}},"line":13},"4":{"name":"(anonymous_4)","decl":{"start":{"line":30,"column":18},"end":{"line":30,"column":19}},"loc":{"start":{"line":30,"column":24},"end":{"line":32,"column":3}},"line":30},"5":{"name":"(anonymous_5)","decl":{"start":{"line":34,"column":19},"end":{"line":34,"column":20}},"loc":{"start":{"line":34,"column":55},"end":{"line":38,"column":3}},"line":34},"6":{"name":"(anonymous_6)","decl":{"start":{"line":40,"column":23},"end":{"line":40,"column":24}},"loc":{"start":{"line":40,"column":58},"end":{"line":49,"column":3}},"line":40},"7":{"name":"(anonymous_7)","decl":{"start":{"line":42,"column":42},"end":{"line":42,"column":43}},"loc":{"start":{"line":42,"column":52},"end":{"line":42,"column":76}},"line":42},"8":{"name":"(anonymous_8)","decl":{"start":{"line":51,"column":21},"end":{"line":51,"column":22}},"loc":{"start":{"line":51,"column":38},"end":{"line":58,"column":3}},"line":51},"9":{"name":"(anonymous_9)","decl":{"start":{"line":60,"column":22},"end":{"line":60,"column":23}},"loc":{"start":{"line":60,"column":28},"end":{"line":65,"column":3}},"line":60},"10":{"name":"(anonymous_10)","decl":{"start":{"line":61,"column":37},"end":{"line":61,"column":38}},"loc":{"start":{"line":61,"column":54},"end":{"line":64,"column":5}},"line":61},"11":{"name":"(anonymous_11)","decl":{"start":{"line":67,"column":20},"end":{"line":67,"column":21}},"loc":{"start":{"line":67,"column":38},"end":{"line":74,"column":3}},"line":67},"12":{"name":"(anonymous_12)","decl":{"start":{"line":68,"column":37},"end":{"line":68,"column":38}},"loc":{"start":{"line":68,"column":47},"end":{"line":71,"column":5}},"line":68}},"branchMap":{"0":{"loc":{"start":{"line":5,"column":17},"end":{"line":5,"column":68}},"type":"binary-expr","locations":[{"start":{"line":5,"column":17},"end":{"line":5,"column":62}},{"start":{"line":5,"column":66},"end":{"line":5,"column":68}}],"line":5},"1":{"loc":{"start":{"line":15,"column":67},"end":{"line":15,"column":98}},"type":"cond-expr","locations":[{"start":{"line":15,"column":84},"end":{"line":15,"column":93}},{"start":{"line":15,"column":96},"end":{"line":15,"column":98}}],"line":15},"2":{"loc":{"start":{"line":16,"column":53},"end":{"line":16,"column":88}},"type":"cond-expr","locations":[{"start":{"line":16,"column":70},"end":{"line":16,"column":83}},{"start":{"line":16,"column":86},"end":{"line":16,"column":88}}],"line":16},"3":{"loc":{"start":{"line":22,"column":4},"end":{"line":27,"column":5}},"type":"if","locations":[{"start":{"line":22,"column":4},"end":{"line":27,"column":5}},{"start":{},"end":{}}],"line":22},"4":{"loc":{"start":{"line":34,"column":33},"end":{"line":34,"column":50}},"type":"default-arg","locations":[{"start":{"line":34,"column":45},"end":{"line":34,"column":50}}],"line":34},"5":{"loc":{"start":{"line":40,"column":24},"end":{"line":40,"column":37}},"type":"default-arg","locations":[{"start":{"line":40,"column":32},"end":{"line":40,"column":37}}],"line":40},"6":{"loc":{"start":{"line":40,"column":39},"end":{"line":40,"column":53}},"type":"default-arg","locations":[{"start":{"line":40,"column":51},"end":{"line":40,"column":53}}],"line":40},"7":{"loc":{"start":{"line":41,"column":4},"end":{"line":43,"column":5}},"type":"if","locations":[{"start":{"line":41,"column":4},"end":{"line":43,"column":5}},{"start":{},"end":{}}],"line":41},"8":{"loc":{"start":{"line":44,"column":4},"end":{"line":44,"column":59}},"type":"if","locations":[{"start":{"line":44,"column":4},"end":{"line":44,"column":59}},{"start":{},"end":{}}],"line":44},"9":{"loc":{"start":{"line":52,"column":4},"end":{"line":56,"column":5}},"type":"if","locations":[{"start":{"line":52,"column":4},"end":{"line":56,"column":5}},{"start":{"line":54,"column":11},"end":{"line":56,"column":5}}],"line":52},"10":{"loc":{"start":{"line":69,"column":6},"end":{"line":69,"column":68}},"type":"if","locations":[{"start":{"line":69,"column":6},"end":{"line":69,"column":68}},{"start":{},"end":{}}],"line":69},"11":{"loc":{"start":{"line":69,"column":10},"end":{"line":69,"column":42}},"type":"binary-expr","locations":[{"start":{"line":69,"column":10},"end":{"line":69,"column":27}},{"start":{"line":69,"column":31},"end":{"line":69,"column":42}}],"line":69}},"s":{"0":1,"1":1,"2":36,"3":1,"4":9,"5":9,"6":9,"7":26,"8":9,"9":9,"10":9,"11":9,"12":9,"13":1,"14":9,"15":1,"16":5,"17":5,"18":5,"19":1,"20":4,"21":0,"22":0,"23":4,"24":4,"25":4,"26":4,"27":4,"28":1,"29":0,"30":0,"31":0,"32":0,"33":1,"34":4,"35":11,"36":11,"37":1,"38":0,"39":0,"40":0,"41":0,"42":0,"43":0},"f":{"0":1,"1":36,"2":9,"3":26,"4":9,"5":5,"6":4,"7":0,"8":0,"9":4,"10":11,"11":0,"12":0},"b":{"0":[1,1],"1":[0,26],"2":[0,26],"3":[9,0],"4":[5],"5":[0],"6":[0],"7":[0,4],"8":[4,0],"9":[0,0],"10":[0,0],"11":[0,0]},"_coverageSchema":"1a1c01bbd47fc00a2c39e90264f33305004495a9","hash":"8bd3f351943b9c581caa94a9028a2d6f62c266ab"}
,"F:\\@Microverse\\Module- 02\\Block 03\\To-Do-list\\src\\modules\\toDoListSupport.js": {"path":"F:\\@Microverse\\Module- 02\\Block 03\\To-Do-list\\src\\modules\\toDoListSupport.js","statementMap":{"0":{"start":{"line":2,"column":34},"end":{"line":11,"column":5}},"1":{"start":{"line":3,"column":23},"end":{"line":3,"column":72}},"2":{"start":{"line":4,"column":6},"end":{"line":10,"column":9}},"3":{"start":{"line":5,"column":8},"end":{"line":9,"column":11}},"4":{"start":{"line":6,"column":23},"end":{"line":6,"column":81}},"5":{"start":{"line":7,"column":10},"end":{"line":7,"column":47}},"6":{"start":{"line":8,"column":10},"end":{"line":8,"column":71}},"7":{"start":{"line":13,"column":38},"end":{"line":20,"column":5}},"8":{"start":{"line":14,"column":28},"end":{"line":14,"column":71}},"9":{"start":{"line":15,"column":6},"end":{"line":19,"column":9}},"10":{"start":{"line":16,"column":8},"end":{"line":18,"column":11}},"11":{"start":{"line":17,"column":10},"end":{"line":17,"column":100}},"12":{"start":{"line":22,"column":37},"end":{"line":35,"column":5}},"13":{"start":{"line":23,"column":27},"end":{"line":23,"column":73}},"14":{"start":{"line":25,"column":6},"end":{"line":30,"column":10}},"15":{"start":{"line":25,"column":34},"end":{"line":30,"column":8}},"16":{"start":{"line":26,"column":8},"end":{"line":29,"column":9}},"17":{"start":{"line":27,"column":10},"end":{"line":27,"column":33}},"18":{"start":{"line":28,"column":10},"end":{"line":28,"column":65}},"19":{"start":{"line":32,"column":6},"end":{"line":34,"column":10}},"20":{"start":{"line":32,"column":34},"end":{"line":34,"column":8}},"21":{"start":{"line":33,"column":8},"end":{"line":33,"column":63}},"22":{"start":{"line":37,"column":36},"end":{"line":43,"column":5}},"23":{"start":{"line":38,"column":17},"end":{"line":38,"column":68}},"24":{"start":{"line":39,"column":19},"end":{"line":39,"column":37}},"25":{"start":{"line":40,"column":6},"end":{"line":40,"column":45}},"26":{"start":{"line":41,"column":6},"end":{"line":41,"column":35}},"27":{"start":{"line":42,"column":6},"end":{"line":42,"column":82}},"28":{"start":{"line":45,"column":34},"end":{"line":66,"column":5}},"29":{"start":{"line":46,"column":32},"end":{"line":46,"column":68}},"30":{"start":{"line":47,"column":27},"end":{"line":47,"column":73}},"31":{"start":{"line":49,"column":6},"end":{"line":65,"column":9}},"32":{"start":{"line":50,"column":8},"end":{"line":64,"column":11}},"33":{"start":{"line":51,"column":10},"end":{"line":56,"column":13}},"34":{"start":{"line":52,"column":12},"end":{"line":52,"column":30}},"35":{"start":{"line":53,"column":12},"end":{"line":53,"column":55}},"36":{"start":{"line":54,"column":12},"end":{"line":54,"column":77}},"37":{"start":{"line":55,"column":12},"end":{"line":55,"column":76}},"38":{"start":{"line":57,"column":10},"end":{"line":57,"column":61}},"39":{"start":{"line":58,"column":34},"end":{"line":58,"column":92}},"40":{"start":{"line":59,"column":31},"end":{"line":59,"column":81}},"41":{"start":{"line":60,"column":10},"end":{"line":60,"column":43}},"42":{"start":{"line":61,"column":10},"end":{"line":61,"column":34}},"43":{"start":{"line":62,"column":10},"end":{"line":62,"column":50}},"44":{"start":{"line":63,"column":10},"end":{"line":63,"column":50}}},"fnMap":{"0":{"name":"(anonymous_0)","decl":{"start":{"line":2,"column":34},"end":{"line":2,"column":35}},"loc":{"start":{"line":2,"column":48},"end":{"line":11,"column":5}},"line":2},"1":{"name":"(anonymous_1)","decl":{"start":{"line":4,"column":23},"end":{"line":4,"column":24}},"loc":{"start":{"line":4,"column":33},"end":{"line":10,"column":7}},"line":4},"2":{"name":"(anonymous_2)","decl":{"start":{"line":5,"column":40},"end":{"line":5,"column":41}},"loc":{"start":{"line":5,"column":51},"end":{"line":9,"column":9}},"line":5},"3":{"name":"(anonymous_3)","decl":{"start":{"line":13,"column":38},"end":{"line":13,"column":39}},"loc":{"start":{"line":13,"column":52},"end":{"line":20,"column":5}},"line":13},"4":{"name":"(anonymous_4)","decl":{"start":{"line":15,"column":28},"end":{"line":15,"column":29}},"loc":{"start":{"line":15,"column":38},"end":{"line":19,"column":7}},"line":15},"5":{"name":"(anonymous_5)","decl":{"start":{"line":16,"column":39},"end":{"line":16,"column":40}},"loc":{"start":{"line":16,"column":50},"end":{"line":18,"column":9}},"line":16},"6":{"name":"(anonymous_6)","decl":{"start":{"line":22,"column":37},"end":{"line":22,"column":38}},"loc":{"start":{"line":22,"column":51},"end":{"line":35,"column":5}},"line":22},"7":{"name":"(anonymous_7)","decl":{"start":{"line":25,"column":27},"end":{"line":25,"column":28}},"loc":{"start":{"line":25,"column":34},"end":{"line":30,"column":8}},"line":25},"8":{"name":"(anonymous_8)","decl":{"start":{"line":25,"column":65},"end":{"line":25,"column":66}},"loc":{"start":{"line":25,"column":76},"end":{"line":30,"column":7}},"line":25},"9":{"name":"(anonymous_9)","decl":{"start":{"line":32,"column":27},"end":{"line":32,"column":28}},"loc":{"start":{"line":32,"column":34},"end":{"line":34,"column":8}},"line":32},"10":{"name":"(anonymous_10)","decl":{"start":{"line":32,"column":63},"end":{"line":32,"column":64}},"loc":{"start":{"line":32,"column":74},"end":{"line":34,"column":7}},"line":32},"11":{"name":"(anonymous_11)","decl":{"start":{"line":37,"column":36},"end":{"line":37,"column":37}},"loc":{"start":{"line":37,"column":57},"end":{"line":43,"column":5}},"line":37},"12":{"name":"(anonymous_12)","decl":{"start":{"line":45,"column":34},"end":{"line":45,"column":35}},"loc":{"start":{"line":45,"column":40},"end":{"line":66,"column":5}},"line":45},"13":{"name":"(anonymous_13)","decl":{"start":{"line":49,"column":32},"end":{"line":49,"column":33}},"loc":{"start":{"line":49,"column":42},"end":{"line":65,"column":7}},"line":49},"14":{"name":"(anonymous_14)","decl":{"start":{"line":50,"column":39},"end":{"line":50,"column":40}},"loc":{"start":{"line":50,"column":50},"end":{"line":64,"column":9}},"line":50},"15":{"name":"(anonymous_15)","decl":{"start":{"line":51,"column":31},"end":{"line":51,"column":32}},"loc":{"start":{"line":51,"column":38},"end":{"line":56,"column":11}},"line":51}},"branchMap":{"0":{"loc":{"start":{"line":26,"column":8},"end":{"line":29,"column":9}},"type":"if","locations":[{"start":{"line":26,"column":8},"end":{"line":29,"column":9}},{"start":{},"end":{}}],"line":26}},"s":{"0":1,"1":9,"2":9,"3":26,"4":0,"5":0,"6":0,"7":1,"8":9,"9":9,"10":26,"11":0,"12":1,"13":9,"14":9,"15":26,"16":0,"17":0,"18":0,"19":9,"20":26,"21":0,"22":1,"23":0,"24":0,"25":0,"26":0,"27":0,"28":1,"29":9,"30":9,"31":9,"32":26,"33":0,"34":0,"35":0,"36":0,"37":0,"38":0,"39":0,"40":0,"41":0,"42":0,"43":0,"44":0},"f":{"0":9,"1":26,"2":0,"3":9,"4":26,"5":0,"6":9,"7":26,"8":0,"9":26,"10":0,"11":0,"12":9,"13":26,"14":0,"15":0},"b":{"0":[0,0]},"_coverageSchema":"1a1c01bbd47fc00a2c39e90264f33305004495a9","hash":"3718903910bade3604b2ff328f47830bf9a24671"}
}
