TN:
SF:src\modules\toDoList.js
FN:4,(anonymous_0)
FN:8,(anonymous_1)
FN:10,(anonymous_2)
FN:13,(anonymous_3)
FN:30,(anonymous_4)
FN:34,(anonymous_5)
FN:40,(anonymous_6)
FN:42,(anonymous_7)
FN:51,(anonymous_8)
FN:60,(anonymous_9)
FN:61,(anonymous_10)
FN:67,(anonymous_11)
FN:68,(anonymous_12)
FNF:13
FNH:13
FNDA:2,(anonymous_0)
FNDA:78,(anonymous_1)
FNDA:19,(anonymous_2)
FNDA:39,(anonymous_3)
FNDA:21,(anonymous_4)
FNDA:9,(anonymous_5)
FNDA:6,(anonymous_6)
FNDA:4,(anonymous_7)
FNDA:4,(anonymous_8)
FNDA:6,(anonymous_9)
FNDA:11,(anonymous_10)
FNDA:2,(anonymous_11)
FNDA:3,(anonymous_12)
DA:5,2
DA:8,78
DA:10,2
DA:11,19
DA:12,19
DA:13,19
DA:14,39
DA:22,19
DA:23,17
DA:24,17
DA:25,17
DA:26,17
DA:30,2
DA:31,21
DA:34,2
DA:35,9
DA:36,9
DA:37,9
DA:40,2
DA:41,6
DA:42,4
DA:44,6
DA:46,6
DA:47,6
DA:48,6
DA:51,2
DA:52,4
DA:53,0
DA:55,4
DA:57,4
DA:60,2
DA:61,6
DA:62,11
DA:63,11
DA:67,2
DA:68,2
DA:69,3
DA:70,3
DA:72,2
DA:73,2
LF:40
LH:39
BRDA:5,0,0,2
BRDA:5,0,1,2
BRDA:15,1,0,3
BRDA:15,1,1,36
BRDA:16,2,0,3
BRDA:16,2,1,36
BRDA:22,3,0,17
BRDA:22,3,1,2
BRDA:34,4,0,9
BRDA:40,5,0,0
BRDA:40,6,0,2
BRDA:41,7,0,2
BRDA:41,7,1,4
BRDA:44,8,0,4
BRDA:44,8,1,2
BRDA:52,9,0,0
BRDA:52,9,1,4
BRDA:69,10,0,2
BRDA:69,10,1,1
BRDA:69,11,0,3
BRDA:69,11,1,2
BRF:21
BRH:19
end_of_record
TN:
SF:src\modules\toDoListSupport.js
FN:2,(anonymous_0)
FN:4,(anonymous_1)
FN:5,(anonymous_2)
FN:13,(anonymous_3)
FN:15,(anonymous_4)
FN:16,(anonymous_5)
FN:22,(anonymous_6)
FN:25,(anonymous_7)
FN:25,(anonymous_8)
FN:32,(anonymous_9)
FN:32,(anonymous_10)
FN:37,(anonymous_11)
FN:45,(anonymous_12)
FN:49,(anonymous_13)
FN:50,(anonymous_14)
FN:51,(anonymous_15)
FNF:16
FNH:9
FNDA:17,(anonymous_0)
FNDA:39,(anonymous_1)
FNDA:0,(anonymous_2)
FNDA:17,(anonymous_3)
FNDA:39,(anonymous_4)
FNDA:0,(anonymous_5)
FNDA:17,(anonymous_6)
FNDA:39,(anonymous_7)
FNDA:0,(anonymous_8)
FNDA:39,(anonymous_9)
FNDA:0,(anonymous_10)
FNDA:0,(anonymous_11)
FNDA:17,(anonymous_12)
FNDA:39,(anonymous_13)
FNDA:0,(anonymous_14)
FNDA:0,(anonymous_15)
DA:2,2
DA:3,17
DA:4,17
DA:5,39
DA:6,0
DA:7,0
DA:8,0
DA:13,2
DA:14,17
DA:15,17
DA:16,39
DA:17,0
DA:22,2
DA:23,17
DA:25,39
DA:26,0
DA:27,0
DA:28,0
DA:32,39
DA:33,0
DA:37,2
DA:38,0
DA:39,0
DA:40,0
DA:41,0
DA:42,0
DA:45,2
DA:46,17
DA:47,17
DA:49,17
DA:50,39
DA:51,0
DA:52,0
DA:53,0
DA:54,0
DA:55,0
DA:57,0
DA:58,0
DA:59,0
DA:60,0
DA:61,0
DA:62,0
DA:63,0
LF:43
LH:18
BRDA:26,0,0,0
BRDA:26,0,1,0
BRF:2
BRH:0
end_of_record
