TN:
SF:src\modules\toDoList.js
FN:4,(anonymous_0)
FN:8,(anonymous_1)
FN:10,(anonymous_2)
FN:13,(anonymous_3)
FN:30,(anonymous_4)
FN:34,(anonymous_5)
FN:40,(anonymous_6)
FN:42,(anonymous_7)
FN:51,(anonymous_8)
FN:60,(anonymous_9)
FN:61,(anonymous_10)
FN:67,(anonymous_11)
FN:68,(anonymous_12)
FNF:13
FNH:9
FNDA:1,(anonymous_0)
FNDA:36,(anonymous_1)
FNDA:9,(anonymous_2)
FNDA:26,(anonymous_3)
FNDA:9,(anonymous_4)
FNDA:5,(anonymous_5)
FNDA:4,(anonymous_6)
FNDA:0,(anonymous_7)
FNDA:0,(anonymous_8)
FNDA:4,(anonymous_9)
FNDA:11,(anonymous_10)
FNDA:0,(anonymous_11)
FNDA:0,(anonymous_12)
DA:5,1
DA:8,36
DA:10,1
DA:11,9
DA:12,9
DA:13,9
DA:14,26
DA:22,9
DA:23,9
DA:24,9
DA:25,9
DA:26,9
DA:30,1
DA:31,9
DA:34,1
DA:35,5
DA:36,5
DA:37,5
DA:40,1
DA:41,4
DA:42,0
DA:44,4
DA:46,4
DA:47,4
DA:48,4
DA:51,1
DA:52,0
DA:53,0
DA:55,0
DA:57,0
DA:60,1
DA:61,4
DA:62,11
DA:63,11
DA:67,1
DA:68,0
DA:69,0
DA:70,0
DA:72,0
DA:73,0
LF:40
LH:30
BRDA:5,0,0,1
BRDA:5,0,1,1
BRDA:15,1,0,0
BRDA:15,1,1,26
BRDA:16,2,0,0
BRDA:16,2,1,26
BRDA:22,3,0,9
BRDA:22,3,1,0
BRDA:34,4,0,5
BRDA:40,5,0,0
BRDA:40,6,0,0
BRDA:41,7,0,0
BRDA:41,7,1,4
BRDA:44,8,0,4
BRDA:44,8,1,0
BRDA:52,9,0,0
BRDA:52,9,1,0
BRDA:69,10,0,0
BRDA:69,10,1,0
BRDA:69,11,0,0
BRDA:69,11,1,0
BRF:21
BRH:8
end_of_record
TN:
SF:src\modules\toDoListSupport.js
FN:2,(anonymous_0)
FN:4,(anonymous_1)
FN:5,(anonymous_2)
FN:13,(anonymous_3)
FN:15,(anonymous_4)
FN:16,(anonymous_5)
FN:22,(anonymous_6)
FN:25,(anonymous_7)
FN:25,(anonymous_8)
FN:32,(anonymous_9)
FN:32,(anonymous_10)
FN:37,(anonymous_11)
FN:45,(anonymous_12)
FN:49,(anonymous_13)
FN:50,(anonymous_14)
FN:51,(anonymous_15)
FNF:16
FNH:9
FNDA:9,(anonymous_0)
FNDA:26,(anonymous_1)
FNDA:0,(anonymous_2)
FNDA:9,(anonymous_3)
FNDA:26,(anonymous_4)
FNDA:0,(anonymous_5)
FNDA:9,(anonymous_6)
FNDA:26,(anonymous_7)
FNDA:0,(anonymous_8)
FNDA:26,(anonymous_9)
FNDA:0,(anonymous_10)
FNDA:0,(anonymous_11)
FNDA:9,(anonymous_12)
FNDA:26,(anonymous_13)
FNDA:0,(anonymous_14)
FNDA:0,(anonymous_15)
DA:2,1
DA:3,9
DA:4,9
DA:5,26
DA:6,0
DA:7,0
DA:8,0
DA:13,1
DA:14,9
DA:15,9
DA:16,26
DA:17,0
DA:22,1
DA:23,9
DA:25,26
DA:26,0
DA:27,0
DA:28,0
DA:32,26
DA:33,0
DA:37,1
DA:38,0
DA:39,0
DA:40,0
DA:41,0
DA:42,0
DA:45,1
DA:46,9
DA:47,9
DA:49,9
DA:50,26
DA:51,0
DA:52,0
DA:53,0
DA:54,0
DA:55,0
DA:57,0
DA:58,0
DA:59,0
DA:60,0
DA:61,0
DA:62,0
DA:63,0
LF:43
LH:18
BRDA:26,0,0,0
BRDA:26,0,1,0
BRF:2
BRH:0
end_of_record
